<?xml version="1.0" encoding="UTF-8"?>
<testng-results ignored="0" total="2" passed="1" failed="1" skipped="0">
  <reporter-output>
  </reporter-output>
  <suite started-at="2024-06-17T13:05:41Z" name="Suite" finished-at="2024-06-17T13:07:16Z" duration-ms="94514">
    <groups>
    </groups>
    <test started-at="2024-06-17T13:05:41Z" name="Test" finished-at="2024-06-17T13:07:16Z" duration-ms="94514">
      <class name="test.SampleTest">
        <test-method is-config="true" signature="openingbrowser()[pri:0, instance:test.SampleTest@3081f72c]" started-at="2024-06-17T18:35:41Z" name="openingbrowser" finished-at="2024-06-17T18:36:58Z" duration-ms="76697" status="PASS">
          <reporter-output>
          </reporter-output>
        </test-method> <!-- openingbrowser -->
        <test-method signature="Sample()[pri:0, instance:test.SampleTest@3081f72c]" started-at="2024-06-17T18:36:58Z" name="Sample" finished-at="2024-06-17T18:36:59Z" duration-ms="1446" status="FAIL">
          <exception class="java.lang.AssertionError">
            <message>
              <![CDATA[null]]>
            </message>
            <full-stacktrace>
              <![CDATA[java.lang.AssertionError: null
	at org.testng.Assert.fail(Assert.java:93)
	at org.testng.Assert.fail(Assert.java:100)
	at test.SampleTest.Sample(SampleTest.java:29)
	at java.base/jdk.internal.reflect.NativeMethodAccessorImpl.invoke0(Native Method)
	at java.base/jdk.internal.reflect.NativeMethodAccessorImpl.invoke(NativeMethodAccessorImpl.java:77)
	at java.base/jdk.internal.reflect.DelegatingMethodAccessorImpl.invoke(DelegatingMethodAccessorImpl.java:43)
	at java.base/java.lang.reflect.Method.invoke(Method.java:568)
	at org.testng.internal.MethodInvocationHelper.invokeMethod(MethodInvocationHelper.java:108)
	at org.testng.internal.Invoker.invokeMethod(Invoker.java:661)
	at org.testng.internal.Invoker.invokeTestMethod(Invoker.java:869)
	at org.testng.internal.Invoker.invokeTestMethods(Invoker.java:1193)
	at org.testng.internal.TestMethodWorker.invokeTestMethods(TestMethodWorker.java:126)
	at org.testng.internal.TestMethodWorker.run(TestMethodWorker.java:109)
	at java.base/java.util.concurrent.ThreadPoolExecutor.runWorker(ThreadPoolExecutor.java:1136)
	at java.base/java.util.concurrent.ThreadPoolExecutor$Worker.run(ThreadPoolExecutor.java:635)
	at java.base/java.lang.Thread.run(Thread.java:840)
]]>
            </full-stacktrace>
          </exception> <!-- java.lang.AssertionError -->
          <reporter-output>
          </reporter-output>
        </test-method> <!-- Sample -->
        <test-method is-config="true" signature="closeBrowser()[pri:0, instance:test.SampleTest@3081f72c]" started-at="2024-06-17T18:37:07Z" name="closeBrowser" finished-at="2024-06-17T18:37:16Z" duration-ms="8763" status="PASS">
          <reporter-output>
          </reporter-output>
        </test-method> <!-- closeBrowser -->
      </class> <!-- test.SampleTest -->
      <class name="test.LoginTest">
        <test-method is-config="true" signature="openingbrowser()[pri:0, instance:test.LoginTest@3148f668]" started-at="2024-06-17T18:35:41Z" name="openingbrowser" finished-at="2024-06-17T18:36:58Z" duration-ms="76797" status="PASS">
          <reporter-output>
          </reporter-output>
        </test-method> <!-- openingbrowser -->
        <test-method signature="login(java.lang.String, java.lang.String, java.lang.String)[pri:0, instance:test.LoginTest@3148f668]" started-at="2024-06-17T18:36:58Z" name="login" data-provider="datas" finished-at="2024-06-17T18:37:07Z" duration-ms="8490" status="PASS">
          <params>
            <param index="0">
              <value>
                <![CDATA[bharathp@gmail.com]]>
              </value>
            </param>
            <param index="1">
              <value>
                <![CDATA[Bharathp659@]]>
              </value>
            </param>
            <param index="2">
              <value>
                <![CDATA[pass]]>
              </value>
            </param>
          </params>
          <reporter-output>
          </reporter-output>
        </test-method> <!-- login -->
        <test-method is-config="true" signature="closeBrowser()[pri:0, instance:test.LoginTest@3148f668]" started-at="2024-06-17T18:37:07Z" name="closeBrowser" finished-at="2024-06-17T18:37:16Z" duration-ms="9148" status="PASS">
          <reporter-output>
          </reporter-output>
        </test-method> <!-- closeBrowser -->
      </class> <!-- test.LoginTest -->
    </test> <!-- Test -->
  </suite> <!-- Suite -->
</testng-results>
